<?xml version="1.0" encoding="UTF-8"?>
<testsuite name="administrar mi cuenta" tests="3" skipped="0" failures="1" errors="0" timestamp="2022-01-05T18:08:41" hostname="22LAP5CD1346NKF" time="112.913">
  <properties/>
  <testcase name="Deberia editar la cuenta cuando completa correctamente el formulario" classname="administrar mi cuenta" time="29.327"/>
  <testcase name="Se deben ver los mensajes de campo incorrecto cuando el Last Name es muy largo" classname="administrar mi cuenta" time="29.191"/>
  <testcase name="Se debe ver el mensaje de campo incorrecto cuando los password no coinciden" classname="administrar mi cuenta" time="54.356">
    <failure message="org.openqa.selenium.NoSuchElementException: Timed out after 12 seconds. Element not found&#10;For documentation on this error, please visit: https://www.seleniumhq.org/exceptions/no_such_element.html&#10;Build info: version: '3.141.59', revision: 'e82be7d358', time: '2018-11-14T08:17:03'&#10;System info: host: '22LAP5CD1346NKF', ip: '192.168.0.3', os.name: 'Windows 10', os.arch: 'amd64', os.version: '10.0', java.version: '1.8.0_202'&#10;Driver info: driver.version: unknown" type="org.openqa.selenium.NoSuchElementException">org.openqa.selenium.NoSuchElementException: Timed out after 12 seconds. Element not found
For documentation on this error, please visit: https://www.seleniumhq.org/exceptions/no_such_element.html
Build info: version: '3.141.59', revision: 'e82be7d358', time: '2018-11-14T08:17:03'
System info: host: '22LAP5CD1346NKF', ip: '192.168.0.3', os.name: 'Windows 10', os.arch: 'amd64', os.version: '10.0', java.version: '1.8.0_202'
Driver info: driver.version: unknown
	at net.thucydides.core.annotations.locators.SmartAjaxElementLocator.ajaxFindElement(SmartAjaxElementLocator.java:166)
	at net.thucydides.core.annotations.locators.SmartAjaxElementLocator.findElement(SmartAjaxElementLocator.java:118)
	at net.serenitybdd.core.pages.WebElementResolverByElementLocator.resolveForDriver(WebElementResolverByElementLocator.java:30)
	at net.serenitybdd.core.pages.WebElementFacadeImpl.getElement(WebElementFacadeImpl.java:221)
	at net.serenitybdd.core.pages.WebElementFacadeImpl.getText(WebElementFacadeImpl.java:1118)
	at sun.reflect.NativeMethodAccessorImpl.invoke0(Native Method)
	at sun.reflect.NativeMethodAccessorImpl.invoke(NativeMethodAccessorImpl.java:62)
	at sun.reflect.DelegatingMethodAccessorImpl.invoke(DelegatingMethodAccessorImpl.java:43)
	at java.lang.reflect.Method.invoke(Method.java:498)
	at net.thucydides.core.annotations.locators.AbstractSingleItemHandler.invoke(AbstractSingleItemHandler.java:45)
	at com.sun.proxy.$Proxy28.getText(Unknown Source)
	at com.indra.actions.AdminCuentaActions.mensajesDePasswordDiferente(AdminCuentaActions.java:105)
	at com.indra.stepsDefinitions.AdminCuentaSteps.se_muestran_el_mensaje_de_password_no_coinciden(AdminCuentaSteps.java:48)
	at ✽.se muestran el mensaje de password no coinciden(src/test/resources/features/test_advantageonlineshopping/admin_Cuenta.feature:35)
</failure>
  </testcase>
  <system-out><![CDATA[13:08:42.670 [Test worker] INFO net.serenitybdd.core.webdriver.driverproviders.ProvideNewDriver - Instantiating driver
13:08:42.670 [Test worker] INFO net.serenitybdd.core.webdriver.driverproviders.ProvideNewDriver - Driver capabilities: Capabilities {acceptInsecureCerts: false, acceptSslCerts: true, browserName: chrome, chrome.switches: --incognito, goog:chromeOptions: {args: [--incognito], extensions: []}, incognito: true, loggingPrefs: org.openqa.selenium.logging..., platform: ANY, version: }
BOTON ************* Edit
BOTON2 ************* Change password
13:09:03.302 [Test worker] DEBUG net.serenitybdd.core.photography.Darkroom - Opening darkroom
13:09:03.303 [Darkroom Processing Line] DEBUG net.serenitybdd.core.photography.DarkroomProcessingLine - Darkroom processing line starting up
13:09:03.479 [Test worker] DEBUG net.serenitybdd.core.photography.Darkroom - Send negative for processing for C:\EJERCICIOS_BOOTCAMP\Retos\ProyectoFinal_advantageonlineshopping_6\target\site\serenity\9a1253a22522e1bcfbf3dca477719ad6f4935f9667e4818989b7dbb1653fb8e3.png
Enrique92
Enrique20
13:09:08.801 [Test worker] DEBUG net.serenitybdd.core.photography.Darkroom - Send negative for processing for C:\EJERCICIOS_BOOTCAMP\Retos\ProyectoFinal_advantageonlineshopping_6\target\site\serenity\8b02d15deeeaa28facff4289416b4bee7c7a83dc36b5e56958188b462ce39bb7.png
13:09:08.805 [Darkroom Processing Line] DEBUG net.serenitybdd.core.photography.DarkroomProcessingLine - Processing screenshot image in /var/screenshots/screenshot-5635346658976591512
13:09:08.805 [Darkroom Processing Line] DEBUG net.serenitybdd.core.photography.DarkroomProcessingLine - Saving screenshot to C:\EJERCICIOS_BOOTCAMP\Retos\ProyectoFinal_advantageonlineshopping_6\target\site\serenity\8b02d15deeeaa28facff4289416b4bee7c7a83dc36b5e56958188b462ce39bb7.png
13:09:09.391 [Test worker] DEBUG net.serenitybdd.core.photography.Darkroom - Send negative for processing for C:\EJERCICIOS_BOOTCAMP\Retos\ProyectoFinal_advantageonlineshopping_6\target\site\serenity\2174aba9a360d9fb8166437beedcbd391b7d83f78df94fbd1214626977d51444.png
13:09:09.392 [Darkroom Processing Line] DEBUG net.serenitybdd.core.photography.DarkroomProcessingLine - Processing screenshot image in /var/screenshots/screenshot-235818018455911612
13:09:09.393 [Darkroom Processing Line] DEBUG net.serenitybdd.core.photography.DarkroomProcessingLine - Saving screenshot to C:\EJERCICIOS_BOOTCAMP\Retos\ProyectoFinal_advantageonlineshopping_6\target\site\serenity\2174aba9a360d9fb8166437beedcbd391b7d83f78df94fbd1214626977d51444.png
13:09:11.280 [Test worker] INFO net.thucydides.core.steps.ConsoleLoggingListener - ?[92m
        __    _____ _____ ____ _____   ____   _    ____  ____  _____ ____  
  _     \ \  |_   _| ____/ ___|_   _| |  _ \ / \  / ___|/ ___|| ____|  _ \ 
 (_)_____| |   | | |  _| \___ \ | |   | |_) / _ \ \___ \\___ \|  _| | | | |
  _|_____| |   | | | |___ ___) || |   |  __/ ___ \ ___) |___) | |___| |_| |
 (_)     | |   |_| |_____|____/ |_|   |_| /_/   \_\____/|____/|_____|____/ 
        /_/                                                                

TEST PASSED: Deberia editar la cuenta cuando completa correctamente el formulario
----------------------------------------------------------------------------?[0m
13:09:11.721 [Test worker] INFO net.serenitybdd.core.webdriver.driverproviders.ProvideNewDriver - Instantiating driver
13:09:11.721 [Test worker] INFO net.serenitybdd.core.webdriver.driverproviders.ProvideNewDriver - Driver capabilities: Capabilities {acceptInsecureCerts: false, acceptSslCerts: true, browserName: chrome, chrome.switches: --incognito, goog:chromeOptions: {args: [--incognito], extensions: []}, incognito: true, loggingPrefs: org.openqa.selenium.logging..., platform: ANY, version: }
BOTON ************* Edit
BOTON2 ************* Change password
13:09:33.101 [Test worker] DEBUG net.serenitybdd.core.photography.Darkroom - Send negative for processing for C:\EJERCICIOS_BOOTCAMP\Retos\ProyectoFinal_advantageonlineshopping_6\target\site\serenity\9a1253a22522e1bcfbf3dca477719ad6f4935f9667e4818989b7dbb1653fb8e3.png
manuelllllllllllllllllllllllllllllllllllllllll38
manuelllllllllllllllllllllllllllllllllllllllll90
13:09:38.627 [Test worker] DEBUG net.serenitybdd.core.photography.Darkroom - Send negative for processing for C:\EJERCICIOS_BOOTCAMP\Retos\ProyectoFinal_advantageonlineshopping_6\target\site\serenity\398a548173ace7a5706fb012cd2107be7c7428d8cadfbac894092bb836fa35f1.png
13:09:38.629 [Darkroom Processing Line] DEBUG net.serenitybdd.core.photography.DarkroomProcessingLine - Processing screenshot image in /var/screenshots/screenshot-9189279418183812720
13:09:38.629 [Darkroom Processing Line] DEBUG net.serenitybdd.core.photography.DarkroomProcessingLine - Saving screenshot to C:\EJERCICIOS_BOOTCAMP\Retos\ProyectoFinal_advantageonlineshopping_6\target\site\serenity\398a548173ace7a5706fb012cd2107be7c7428d8cadfbac894092bb836fa35f1.png
13:09:38.898 [Test worker] DEBUG net.serenitybdd.core.photography.Darkroom - Send negative for processing for C:\EJERCICIOS_BOOTCAMP\Retos\ProyectoFinal_advantageonlineshopping_6\target\site\serenity\c0115ba84d57b43daa1b5d29eabd2d1e6e00a73eec2b2c8edddb8f04f0d13064.png
13:09:38.898 [Darkroom Processing Line] DEBUG net.serenitybdd.core.photography.DarkroomProcessingLine - Processing screenshot image in /var/screenshots/screenshot-5717547074561585924
13:09:38.900 [Darkroom Processing Line] DEBUG net.serenitybdd.core.photography.DarkroomProcessingLine - Saving screenshot to C:\EJERCICIOS_BOOTCAMP\Retos\ProyectoFinal_advantageonlineshopping_6\target\site\serenity\c0115ba84d57b43daa1b5d29eabd2d1e6e00a73eec2b2c8edddb8f04f0d13064.png
13:09:40.486 [Test worker] INFO net.thucydides.core.steps.ConsoleLoggingListener - ?[92m
        __    _____ _____ ____ _____   ____   _    ____  ____  _____ ____  
  _     \ \  |_   _| ____/ ___|_   _| |  _ \ / \  / ___|/ ___|| ____|  _ \ 
 (_)_____| |   | | |  _| \___ \ | |   | |_) / _ \ \___ \\___ \|  _| | | | |
  _|_____| |   | | | |___ ___) || |   |  __/ ___ \ ___) |___) | |___| |_| |
 (_)     | |   |_| |_____|____/ |_|   |_| /_/   \_\____/|____/|_____|____/ 
        /_/                                                                

TEST PASSED: Se deben ver los mensajes de campo incorrecto cuando el Last Name es muy largo
----------------------------------------------------------------------------?[0m
13:09:41.078 [Test worker] INFO net.serenitybdd.core.webdriver.driverproviders.ProvideNewDriver - Instantiating driver
13:09:41.079 [Test worker] INFO net.serenitybdd.core.webdriver.driverproviders.ProvideNewDriver - Driver capabilities: Capabilities {acceptInsecureCerts: false, acceptSslCerts: true, browserName: chrome, chrome.switches: --incognito, goog:chromeOptions: {args: [--incognito], extensions: []}, incognito: true, loggingPrefs: org.openqa.selenium.logging..., platform: ANY, version: }
BOTON ************* Edit
BOTON2 ************* Change password
13:10:03.938 [Test worker] DEBUG net.serenitybdd.core.photography.Darkroom - Send negative for processing for C:\EJERCICIOS_BOOTCAMP\Retos\ProyectoFinal_advantageonlineshopping_6\target\site\serenity\9a1253a22522e1bcfbf3dca477719ad6f4935f9667e4818989b7dbb1653fb8e3.png
22
9
13:10:08.843 [Test worker] DEBUG net.serenitybdd.core.photography.Darkroom - Send negative for processing for C:\EJERCICIOS_BOOTCAMP\Retos\ProyectoFinal_advantageonlineshopping_6\target\site\serenity\d7176cc86c148bb3f1e1e5c9df76852c8df849ae72e4c9e411f4abcef670c959.png
13:10:08.845 [Darkroom Processing Line] DEBUG net.serenitybdd.core.photography.DarkroomProcessingLine - Processing screenshot image in /var/screenshots/screenshot-232337026337049699
13:10:08.846 [Darkroom Processing Line] DEBUG net.serenitybdd.core.photography.DarkroomProcessingLine - Saving screenshot to C:\EJERCICIOS_BOOTCAMP\Retos\ProyectoFinal_advantageonlineshopping_6\target\site\serenity\d7176cc86c148bb3f1e1e5c9df76852c8df849ae72e4c9e411f4abcef670c959.png
13:10:33.311 [Test worker] DEBUG net.serenitybdd.core.photography.Darkroom - Send negative for processing for C:\EJERCICIOS_BOOTCAMP\Retos\ProyectoFinal_advantageonlineshopping_6\target\site\serenity\a08a81aa2681f5015b911c5d8f823f2bf0adda52c05d21c6fc51b84682db9048.png
13:10:33.313 [Darkroom Processing Line] DEBUG net.serenitybdd.core.photography.DarkroomProcessingLine - Processing screenshot image in /var/screenshots/screenshot-5070180762938318573
13:10:33.313 [Darkroom Processing Line] DEBUG net.serenitybdd.core.photography.DarkroomProcessingLine - Saving screenshot to C:\EJERCICIOS_BOOTCAMP\Retos\ProyectoFinal_advantageonlineshopping_6\target\site\serenity\a08a81aa2681f5015b911c5d8f823f2bf0adda52c05d21c6fc51b84682db9048.png
13:10:34.721 [Test worker] ERROR net.thucydides.core.steps.ConsoleLoggingListener - ?[91m
           __  _____ _____ ____ _____   _____ _    ___ _     _____ ____  
  _       / / |_   _| ____/ ___|_   _| |  ___/ \  |_ _| |   | ____|  _ \ 
 (_)_____| |    | | |  _| \___ \ | |   | |_ / _ \  | || |   |  _| | | | |
  _|_____| |    | | | |___ ___) || |   |  _/ ___ \ | || |___| |___| |_| |
 (_)     | |    |_| |_____|____/ |_|   |_|/_/   \_\___|_____|_____|____/ 
          \_\                                                            

TEST FAILED WITH ERROR: Se debe ver el mensaje de campo incorrecto cuando los password no coinciden
---------------------------------------------------------------------?[0m
13:10:34.723 [Test worker] DEBUG net.thucydides.core.steps.ConsoleLoggingListener - RELATED ISSUES: 
13:10:34.860 [Test worker] ERROR net.thucydides.core.steps.ConsoleLoggingListener - ?[91mTEST FAILED AT STEP Then se muestran el mensaje de password no coinciden?[0m
13:10:34.861 [Test worker] ERROR net.thucydides.core.steps.ConsoleLoggingListener - Timed out after 12 seconds. Element not found
]]></system-out>
  <system-err><![CDATA[ene 05, 2022 1:08:42 PM org.openqa.selenium.remote.DesiredCapabilities chrome
INFORMACIÓN: Using `new ChromeOptions()` is preferred to `DesiredCapabilities.chrome()`
Starting ChromeDriver 96.0.4664.45 (76e4c1bb2ab4671b8beba3444e61c0f17584b2fc-refs/branch-heads/4664@{#947}) on port 4274
Only local connections are allowed.
Please see https://chromedriver.chromium.org/security-considerations for suggestions on keeping ChromeDriver safe.
ChromeDriver was started successfully.
ene 05, 2022 1:08:45 PM org.openqa.selenium.remote.ProtocolHandshake createSession
INFORMACIÓN: Detected dialect: W3C
ene 05, 2022 1:09:11 PM org.openqa.selenium.remote.DesiredCapabilities chrome
INFORMACIÓN: Using `new ChromeOptions()` is preferred to `DesiredCapabilities.chrome()`
Starting ChromeDriver 96.0.4664.45 (76e4c1bb2ab4671b8beba3444e61c0f17584b2fc-refs/branch-heads/4664@{#947}) on port 11066
Only local connections are allowed.
Please see https://chromedriver.chromium.org/security-considerations for suggestions on keeping ChromeDriver safe.
ChromeDriver was started successfully.
ene 05, 2022 1:09:15 PM org.openqa.selenium.remote.ProtocolHandshake createSession
INFORMACIÓN: Detected dialect: W3C
ene 05, 2022 1:09:40 PM org.openqa.selenium.remote.DesiredCapabilities chrome
INFORMACIÓN: Using `new ChromeOptions()` is preferred to `DesiredCapabilities.chrome()`
Starting ChromeDriver 96.0.4664.45 (76e4c1bb2ab4671b8beba3444e61c0f17584b2fc-refs/branch-heads/4664@{#947}) on port 25024
Only local connections are allowed.
Please see https://chromedriver.chromium.org/security-considerations for suggestions on keeping ChromeDriver safe.
ChromeDriver was started successfully.
ene 05, 2022 1:09:45 PM org.openqa.selenium.remote.ProtocolHandshake createSession
INFORMACIÓN: Detected dialect: W3C
]]></system-err>
</testsuite>
